<?xml version="1.0" encoding="UTF-8"?>
<!-- Generated by org.testng.reporters.JUnitReportReporter -->
<testsuite hostname="XIPL9166" name="com.trello.workflow.UpdateBoardsTests" tests="1" failures="0" timestamp="24 Jun 2020 07:55:31 GMT" time="7.835" errors="0">
  <testcase name="updateNameOfBoard" time="7.835" classname="com.trello.workflow.UpdateBoardsTests"/>
</testsuite> <!-- com.trello.workflow.UpdateBoardsTests -->
