<?xml version="1.0" encoding="UTF-8"?>
<!-- Generated by org.testng.reporters.JUnitReportReporter -->
<testsuite hostname="XIPL9166" name="com.trello.workflow.UpdateBoardsTests" tests="1" failures="0" timestamp="24 Jun 2020 08:23:17 GMT" time="6.855" errors="0">
  <testcase name="updateNameOfBoard" time="6.855" classname="com.trello.workflow.UpdateBoardsTests"/>
</testsuite> <!-- com.trello.workflow.UpdateBoardsTests -->
