<?xml version="1.0" encoding="UTF-8"?>
<!-- Generated by org.testng.reporters.JUnitReportReporter -->
<testsuite hostname="XIPL9166" name="com.trello.workflow.DeleteBoardTests" tests="1" failures="0" timestamp="16 Jun 2020 12:32:12 GMT" time="12.903" errors="0">
  <testcase name="deleteAllBoards" time="12.903" classname="com.trello.workflow.DeleteBoardTests"/>
</testsuite> <!-- com.trello.workflow.DeleteBoardTests -->
