<?xml version="1.0" encoding="UTF-8"?>
<!-- Generated by org.testng.reporters.JUnitReportReporter -->
<testsuite hostname="XIPL9166" name="com.trello.workflow.UpdateBoardsTests" tests="1" failures="0" timestamp="16 Jun 2020 12:48:57 GMT" time="3.433" errors="0">
  <testcase name="updateNameOfBoard" time="3.433" classname="com.trello.workflow.UpdateBoardsTests"/>
</testsuite> <!-- com.trello.workflow.UpdateBoardsTests -->
